<?xml version="1.0" encoding="UTF-8"?>
<testsuite name="Cucumber" time="11.905" tests="5" skipped="0" failures="5" errors="0">
<testcase classname="Ready To Work: Manage Profile Feature" name="Test Ready To Work: Edit or Manage Profile - Example #1.1" time="3.29">
<failure type="org.openqa.selenium.SessionNotCreatedException" message="Could not start a new session. Response code 500. Message: session not created: This version of ChromeDriver only supports Chrome version 114
Current browser version is 116.0.5845.188 with binary path C:\Program Files\Google\Chrome\Application\chrome.exe 
Host info: host: 'SPHELELE', ip: '10.219.194.36'
Build info: version: '4.10.0', revision: 'c14d967899'
System info: os.name: 'Windows 11', os.arch: 'amd64', os.version: '10.0', java.version: '17.0.7'
Driver info: org.openqa.selenium.chrome.ChromeDriver
Command: [null, newSession {capabilities=[Capabilities {browserName: chrome, goog:chromeOptions: {args: [--remote-allow-origins=*], extensions: []}}]}]">
<![CDATA[org.openqa.selenium.SessionNotCreatedException: Could not start a new session. Response code 500. Message: session not created: This version of ChromeDriver only supports Chrome version 114
Current browser version is 116.0.5845.188 with binary path C:\Program Files\Google\Chrome\Application\chrome.exe 
Host info: host: 'SPHELELE', ip: '10.219.194.36'
Build info: version: '4.10.0', revision: 'c14d967899'
System info: os.name: 'Windows 11', os.arch: 'amd64', os.version: '10.0', java.version: '17.0.7'
Driver info: org.openqa.selenium.chrome.ChromeDriver
Command: [null, newSession {capabilities=[Capabilities {browserName: chrome, goog:chromeOptions: {args: [--remote-allow-origins=*], extensions: []}}]}]
	at org.openqa.selenium.remote.ProtocolHandshake.createSession(ProtocolHandshake.java:140)
	at org.openqa.selenium.remote.ProtocolHandshake.createSession(ProtocolHandshake.java:96)
	at org.openqa.selenium.remote.ProtocolHandshake.createSession(ProtocolHandshake.java:68)
	at org.openqa.selenium.remote.HttpCommandExecutor.execute(HttpCommandExecutor.java:163)
	at org.openqa.selenium.remote.service.DriverCommandExecutor.invokeExecute(DriverCommandExecutor.java:196)
	at org.openqa.selenium.remote.service.DriverCommandExecutor.execute(DriverCommandExecutor.java:171)
	at org.openqa.selenium.remote.RemoteWebDriver.execute(RemoteWebDriver.java:531)
	at org.openqa.selenium.remote.RemoteWebDriver.startSession(RemoteWebDriver.java:227)
	at org.openqa.selenium.remote.RemoteWebDriver.<init>(RemoteWebDriver.java:154)
	at org.openqa.selenium.chromium.ChromiumDriver.<init>(ChromiumDriver.java:107)
	at org.openqa.selenium.chrome.ChromeDriver.<init>(ChromeDriver.java:87)
	at org.openqa.selenium.chrome.ChromeDriver.<init>(ChromeDriver.java:82)
	at org.openqa.selenium.chrome.ChromeDriver.<init>(ChromeDriver.java:50)
	at acceptancetests.base.BaseTest.setUpMethod(BaseTest.java:12)
	at acceptancetests.steps.ReadyToWorkSteps.browser_is_launched(ReadyToWorkSteps.java:23)
	at ✽.browser is launched(file:///C:/Users/SPHENELE/IdeaProjects/OrangeHRMProject/src/features/ManageProfile.feature:4)
]]>
</failure>
<system-out><![CDATA[
Given browser is launched...................................................failed
And ready to work "https://readytowork.absa.africa/login" page is open......skipped
Then verify login page is open..............................................skipped
When user enters "sphelelez101@gmail.com" and "JumpyFact05".................skipped
And user click on sign in button............................................skipped
Then user logged in successfully............................................skipped
And user click on manage profile button.....................................skipped
Then verify Manage Profile page is open.....................................skipped
When enters Personal Details Thabo and Mbhele follow by 0831234567 also unemployed.skipped
And user enter Address Details Florida after Gauteng last South Africa......skipped
And user click on Submit form...............................................skipped
Then verify if profile details successfully updated.........................skipped
And user click on logout button.............................................skipped
And close the browser.......................................................skipped
]]></system-out>
</testcase>
<testcase classname="Ready to Work:Home page feature" name="ReadyToWork home page launching" time="2.169">
<failure type="org.openqa.selenium.SessionNotCreatedException" message="Could not start a new session. Response code 500. Message: session not created: This version of ChromeDriver only supports Chrome version 114
Current browser version is 116.0.5845.188 with binary path C:\Program Files\Google\Chrome\Application\chrome.exe 
Host info: host: 'SPHELELE', ip: '10.219.194.36'
Build info: version: '4.10.0', revision: 'c14d967899'
System info: os.name: 'Windows 11', os.arch: 'amd64', os.version: '10.0', java.version: '17.0.7'
Driver info: org.openqa.selenium.chrome.ChromeDriver
Command: [null, newSession {capabilities=[Capabilities {browserName: chrome, goog:chromeOptions: {args: [--remote-allow-origins=*], extensions: []}}]}]">
<![CDATA[org.openqa.selenium.SessionNotCreatedException: Could not start a new session. Response code 500. Message: session not created: This version of ChromeDriver only supports Chrome version 114
Current browser version is 116.0.5845.188 with binary path C:\Program Files\Google\Chrome\Application\chrome.exe 
Host info: host: 'SPHELELE', ip: '10.219.194.36'
Build info: version: '4.10.0', revision: 'c14d967899'
System info: os.name: 'Windows 11', os.arch: 'amd64', os.version: '10.0', java.version: '17.0.7'
Driver info: org.openqa.selenium.chrome.ChromeDriver
Command: [null, newSession {capabilities=[Capabilities {browserName: chrome, goog:chromeOptions: {args: [--remote-allow-origins=*], extensions: []}}]}]
	at org.openqa.selenium.remote.ProtocolHandshake.createSession(ProtocolHandshake.java:140)
	at org.openqa.selenium.remote.ProtocolHandshake.createSession(ProtocolHandshake.java:96)
	at org.openqa.selenium.remote.ProtocolHandshake.createSession(ProtocolHandshake.java:68)
	at org.openqa.selenium.remote.HttpCommandExecutor.execute(HttpCommandExecutor.java:163)
	at org.openqa.selenium.remote.service.DriverCommandExecutor.invokeExecute(DriverCommandExecutor.java:196)
	at org.openqa.selenium.remote.service.DriverCommandExecutor.execute(DriverCommandExecutor.java:171)
	at org.openqa.selenium.remote.RemoteWebDriver.execute(RemoteWebDriver.java:531)
	at org.openqa.selenium.remote.RemoteWebDriver.startSession(RemoteWebDriver.java:227)
	at org.openqa.selenium.remote.RemoteWebDriver.<init>(RemoteWebDriver.java:154)
	at org.openqa.selenium.chromium.ChromiumDriver.<init>(ChromiumDriver.java:107)
	at org.openqa.selenium.chrome.ChromeDriver.<init>(ChromeDriver.java:87)
	at org.openqa.selenium.chrome.ChromeDriver.<init>(ChromeDriver.java:82)
	at org.openqa.selenium.chrome.ChromeDriver.<init>(ChromeDriver.java:50)
	at acceptancetests.base.BaseTest.setUpMethod(BaseTest.java:12)
	at acceptancetests.steps.ReadyToWorkSteps.browser_is_launched(ReadyToWorkSteps.java:23)
	at ✽.browser is launched(file:///C:/Users/SPHENELE/IdeaProjects/OrangeHRMProject/src/features/ReadyToWork.feature:3)
]]>
</failure>
<system-out><![CDATA[
Given browser is launched...................................................failed
And ready to work "https://readytowork.absa.africa/" page is open...........skipped
Then Ready to Work e-learning platform is displayed.........................skipped
And close the browser.......................................................skipped
]]></system-out>
</testcase>
<testcase classname="Ready To Work:Login Feature" name="Test ReadyToWork: login with invalid credentials" time="2.02">
<failure type="org.openqa.selenium.SessionNotCreatedException" message="Could not start a new session. Response code 500. Message: session not created: This version of ChromeDriver only supports Chrome version 114
Current browser version is 116.0.5845.188 with binary path C:\Program Files\Google\Chrome\Application\chrome.exe 
Host info: host: 'SPHELELE', ip: '10.219.194.36'
Build info: version: '4.10.0', revision: 'c14d967899'
System info: os.name: 'Windows 11', os.arch: 'amd64', os.version: '10.0', java.version: '17.0.7'
Driver info: org.openqa.selenium.chrome.ChromeDriver
Command: [null, newSession {capabilities=[Capabilities {browserName: chrome, goog:chromeOptions: {args: [--remote-allow-origins=*], extensions: []}}]}]">
<![CDATA[org.openqa.selenium.SessionNotCreatedException: Could not start a new session. Response code 500. Message: session not created: This version of ChromeDriver only supports Chrome version 114
Current browser version is 116.0.5845.188 with binary path C:\Program Files\Google\Chrome\Application\chrome.exe 
Host info: host: 'SPHELELE', ip: '10.219.194.36'
Build info: version: '4.10.0', revision: 'c14d967899'
System info: os.name: 'Windows 11', os.arch: 'amd64', os.version: '10.0', java.version: '17.0.7'
Driver info: org.openqa.selenium.chrome.ChromeDriver
Command: [null, newSession {capabilities=[Capabilities {browserName: chrome, goog:chromeOptions: {args: [--remote-allow-origins=*], extensions: []}}]}]
	at org.openqa.selenium.remote.ProtocolHandshake.createSession(ProtocolHandshake.java:140)
	at org.openqa.selenium.remote.ProtocolHandshake.createSession(ProtocolHandshake.java:96)
	at org.openqa.selenium.remote.ProtocolHandshake.createSession(ProtocolHandshake.java:68)
	at org.openqa.selenium.remote.HttpCommandExecutor.execute(HttpCommandExecutor.java:163)
	at org.openqa.selenium.remote.service.DriverCommandExecutor.invokeExecute(DriverCommandExecutor.java:196)
	at org.openqa.selenium.remote.service.DriverCommandExecutor.execute(DriverCommandExecutor.java:171)
	at org.openqa.selenium.remote.RemoteWebDriver.execute(RemoteWebDriver.java:531)
	at org.openqa.selenium.remote.RemoteWebDriver.startSession(RemoteWebDriver.java:227)
	at org.openqa.selenium.remote.RemoteWebDriver.<init>(RemoteWebDriver.java:154)
	at org.openqa.selenium.chromium.ChromiumDriver.<init>(ChromiumDriver.java:107)
	at org.openqa.selenium.chrome.ChromeDriver.<init>(ChromeDriver.java:87)
	at org.openqa.selenium.chrome.ChromeDriver.<init>(ChromeDriver.java:82)
	at org.openqa.selenium.chrome.ChromeDriver.<init>(ChromeDriver.java:50)
	at acceptancetests.base.BaseTest.setUpMethod(BaseTest.java:12)
	at acceptancetests.steps.ReadyToWorkSteps.browser_is_launched(ReadyToWorkSteps.java:23)
	at ✽.browser is launched(file:///C:/Users/SPHENELE/IdeaProjects/OrangeHRMProject/src/features/login.feature:4)
]]>
</failure>
<system-out><![CDATA[
Given browser is launched...................................................failed
And ready to work "https://readytowork.absa.africa/login" page is open......skipped
Then verify login page is open..............................................skipped
When user enters "sphelelez101@gmail.com" and "JumpyFact04".................skipped
And user click on sign in button............................................skipped
Then message display no active account with the given credentials...........skipped
And close the browser.......................................................skipped
]]></system-out>
</testcase>
<testcase classname="Ready To Work:Login Feature" name="Test ReadyToWork: login with valid credentials" time="2.053">
<failure type="org.openqa.selenium.SessionNotCreatedException" message="Could not start a new session. Response code 500. Message: session not created: This version of ChromeDriver only supports Chrome version 114
Current browser version is 116.0.5845.188 with binary path C:\Program Files\Google\Chrome\Application\chrome.exe 
Host info: host: 'SPHELELE', ip: '10.219.194.36'
Build info: version: '4.10.0', revision: 'c14d967899'
System info: os.name: 'Windows 11', os.arch: 'amd64', os.version: '10.0', java.version: '17.0.7'
Driver info: org.openqa.selenium.chrome.ChromeDriver
Command: [null, newSession {capabilities=[Capabilities {browserName: chrome, goog:chromeOptions: {args: [--remote-allow-origins=*], extensions: []}}]}]">
<![CDATA[org.openqa.selenium.SessionNotCreatedException: Could not start a new session. Response code 500. Message: session not created: This version of ChromeDriver only supports Chrome version 114
Current browser version is 116.0.5845.188 with binary path C:\Program Files\Google\Chrome\Application\chrome.exe 
Host info: host: 'SPHELELE', ip: '10.219.194.36'
Build info: version: '4.10.0', revision: 'c14d967899'
System info: os.name: 'Windows 11', os.arch: 'amd64', os.version: '10.0', java.version: '17.0.7'
Driver info: org.openqa.selenium.chrome.ChromeDriver
Command: [null, newSession {capabilities=[Capabilities {browserName: chrome, goog:chromeOptions: {args: [--remote-allow-origins=*], extensions: []}}]}]
	at org.openqa.selenium.remote.ProtocolHandshake.createSession(ProtocolHandshake.java:140)
	at org.openqa.selenium.remote.ProtocolHandshake.createSession(ProtocolHandshake.java:96)
	at org.openqa.selenium.remote.ProtocolHandshake.createSession(ProtocolHandshake.java:68)
	at org.openqa.selenium.remote.HttpCommandExecutor.execute(HttpCommandExecutor.java:163)
	at org.openqa.selenium.remote.service.DriverCommandExecutor.invokeExecute(DriverCommandExecutor.java:196)
	at org.openqa.selenium.remote.service.DriverCommandExecutor.execute(DriverCommandExecutor.java:171)
	at org.openqa.selenium.remote.RemoteWebDriver.execute(RemoteWebDriver.java:531)
	at org.openqa.selenium.remote.RemoteWebDriver.startSession(RemoteWebDriver.java:227)
	at org.openqa.selenium.remote.RemoteWebDriver.<init>(RemoteWebDriver.java:154)
	at org.openqa.selenium.chromium.ChromiumDriver.<init>(ChromiumDriver.java:107)
	at org.openqa.selenium.chrome.ChromeDriver.<init>(ChromeDriver.java:87)
	at org.openqa.selenium.chrome.ChromeDriver.<init>(ChromeDriver.java:82)
	at org.openqa.selenium.chrome.ChromeDriver.<init>(ChromeDriver.java:50)
	at acceptancetests.base.BaseTest.setUpMethod(BaseTest.java:12)
	at acceptancetests.steps.ReadyToWorkSteps.browser_is_launched(ReadyToWorkSteps.java:23)
	at ✽.browser is launched(file:///C:/Users/SPHENELE/IdeaProjects/OrangeHRMProject/src/features/login.feature:4)
]]>
</failure>
<system-out><![CDATA[
Given browser is launched...................................................failed
And ready to work "https://readytowork.absa.africa/login" page is open......skipped
Then verify login page is open..............................................skipped
When user enters "sphelelez101@gmail.com" and "JumpyFact05".................skipped
And user click on sign in button............................................skipped
Then user logged in successfully............................................skipped
And verify My learning page is open.........................................skipped
And user click on logout button.............................................skipped
And close the browser.......................................................skipped
]]></system-out>
</testcase>
<testcase classname="Ready To Work:Login Feature" name="Forgot Password with invalid email or account" time="2.07">
<failure type="org.openqa.selenium.SessionNotCreatedException" message="Could not start a new session. Response code 500. Message: session not created: This version of ChromeDriver only supports Chrome version 114
Current browser version is 116.0.5845.188 with binary path C:\Program Files\Google\Chrome\Application\chrome.exe 
Host info: host: 'SPHELELE', ip: '10.219.194.36'
Build info: version: '4.10.0', revision: 'c14d967899'
System info: os.name: 'Windows 11', os.arch: 'amd64', os.version: '10.0', java.version: '17.0.7'
Driver info: org.openqa.selenium.chrome.ChromeDriver
Command: [null, newSession {capabilities=[Capabilities {browserName: chrome, goog:chromeOptions: {args: [--remote-allow-origins=*], extensions: []}}]}]">
<![CDATA[org.openqa.selenium.SessionNotCreatedException: Could not start a new session. Response code 500. Message: session not created: This version of ChromeDriver only supports Chrome version 114
Current browser version is 116.0.5845.188 with binary path C:\Program Files\Google\Chrome\Application\chrome.exe 
Host info: host: 'SPHELELE', ip: '10.219.194.36'
Build info: version: '4.10.0', revision: 'c14d967899'
System info: os.name: 'Windows 11', os.arch: 'amd64', os.version: '10.0', java.version: '17.0.7'
Driver info: org.openqa.selenium.chrome.ChromeDriver
Command: [null, newSession {capabilities=[Capabilities {browserName: chrome, goog:chromeOptions: {args: [--remote-allow-origins=*], extensions: []}}]}]
	at org.openqa.selenium.remote.ProtocolHandshake.createSession(ProtocolHandshake.java:140)
	at org.openqa.selenium.remote.ProtocolHandshake.createSession(ProtocolHandshake.java:96)
	at org.openqa.selenium.remote.ProtocolHandshake.createSession(ProtocolHandshake.java:68)
	at org.openqa.selenium.remote.HttpCommandExecutor.execute(HttpCommandExecutor.java:163)
	at org.openqa.selenium.remote.service.DriverCommandExecutor.invokeExecute(DriverCommandExecutor.java:196)
	at org.openqa.selenium.remote.service.DriverCommandExecutor.execute(DriverCommandExecutor.java:171)
	at org.openqa.selenium.remote.RemoteWebDriver.execute(RemoteWebDriver.java:531)
	at org.openqa.selenium.remote.RemoteWebDriver.startSession(RemoteWebDriver.java:227)
	at org.openqa.selenium.remote.RemoteWebDriver.<init>(RemoteWebDriver.java:154)
	at org.openqa.selenium.chromium.ChromiumDriver.<init>(ChromiumDriver.java:107)
	at org.openqa.selenium.chrome.ChromeDriver.<init>(ChromeDriver.java:87)
	at org.openqa.selenium.chrome.ChromeDriver.<init>(ChromeDriver.java:82)
	at org.openqa.selenium.chrome.ChromeDriver.<init>(ChromeDriver.java:50)
	at acceptancetests.base.BaseTest.setUpMethod(BaseTest.java:12)
	at acceptancetests.steps.ReadyToWorkSteps.browser_is_launched(ReadyToWorkSteps.java:23)
	at ✽.browser is launched(file:///C:/Users/SPHENELE/IdeaProjects/OrangeHRMProject/src/features/login.feature:4)
]]>
</failure>
<system-out><![CDATA[
Given browser is launched...................................................failed
And ready to work "https://readytowork.absa.africa/login" page is open......skipped
Then verify login page is open..............................................skipped
And user click on forgot password button....................................skipped
And verify forgot password is open..........................................skipped
When user enters email "sphelelez103331@gmail.co"...........................skipped
And user click on reset Password button.....................................skipped
Then Alert display there is no associated with email address................skipped
And click on close button...................................................skipped
And close the browser.......................................................skipped
]]></system-out>
</testcase>
</testsuite>
